<?xml version="1.0" encoding="UTF-8"?>
<!-- Generated by org.testng.reporters.JUnitReportReporter -->
<testsuite skipped="0" hostname="DESKTOP-8S455D7" name="com.crm.contacttest.ContactTest" tests="2" failures="0" timestamp="18 Oct 2021 11:43:26 GMT" time="0.012" errors="0">
  <testcase name="editContactTest" time="0.001" classname="com.crm.contacttest.ContactTest"/>
  <testcase name="createContactTest" time="0.011" classname="com.crm.contacttest.ContactTest"/>
</testsuite> <!-- com.crm.contacttest.ContactTest -->
