<?xml version="1.0" encoding="UTF-8"?>
<!-- Generated by org.testng.reporters.JUnitReportReporter -->
<testsuite skipped="0" hostname="DESKTOP-8S455D7" name="com.crm.orgtest.OrgTest" tests="2" failures="0" timestamp="18 Oct 2021 11:43:26 GMT" time="0.003" errors="0">
  <testcase name="createOrgTest" time="0.002" classname="com.crm.orgtest.OrgTest"/>
  <testcase name="editOrgTest" time="0.001" classname="com.crm.orgtest.OrgTest"/>
</testsuite> <!-- com.crm.orgtest.OrgTest -->
