<?xml version="1.0" encoding="UTF-8"?>
<!-- Generated by org.testng.reporters.JUnitReportReporter -->
<testsuite hostname="DESKTOP-8S455D7" failures="0" tests="2" name="com.crm.contacttest.ContactTest" time="0.018" errors="0" timestamp="18 Oct 2021 11:48:30 GMT" skipped="0">
  <testcase classname="com.crm.contacttest.ContactTest" name="editContactTest" time="0.002"/>
  <testcase classname="com.crm.contacttest.ContactTest" name="createContactTest" time="0.016"/>
</testsuite> <!-- com.crm.contacttest.ContactTest -->
